-----------------------------NEXT PAGE----------------------------------------
Traceback (most recent call last):
  File "scrap.py", line 217, in <module>
    traverse_posts(page)
  File "scrap.py", line 189, in traverse_posts
    a_post_process()
  File "scrap.py", line 151, in a_post_process
    a_post['reactions_count']['reactions_thankful']['summary']['total_count']  
  File "C:\Users\Jon\AppData\Local\Programs\Python\Python36-32\lib\encodings\cp1252.py", line 19, in encode
    return codecs.charmap_encode(input,self.errors,encoding_table)[0]
UnicodeEncodeError: 'charmap' codec can't encode character '\U0001f50a' in position 224: character maps to <undefined>
-----------------------------NEXT PAGE----------------------------------------
Traceback (most recent call last):
  File "scrap.py", line 217, in <module>
    traverse_posts(page)
  File "scrap.py", line 189, in traverse_posts
    a_post_process()
  File "scrap.py", line 151, in a_post_process
    a_post['reactions_count']['reactions_thankful']['summary']['total_count']  
  File "C:\Users\Jon\AppData\Local\Programs\Python\Python36-32\lib\encodings\cp1252.py", line 19, in encode
    return codecs.charmap_encode(input,self.errors,encoding_table)[0]
UnicodeEncodeError: 'charmap' codec can't encode characters in position 109-145: character maps to <undefined>
